Unity Editor version:    2020.3.26f1 (7298b473bc1a)
Branch:                  2020.3/staging
Build type:              Release
Batch mode:              YES
System name:             Linux
Distro version:          #33~20.04.1-Ubuntu SMP Mon Feb 7 14:25:10 UTC 2022
Kernel version:          5.13.0-30-generic
Architecture:            x86_64
Available memory:        7855 MB
Using pre-set license
Pro License: NO
Desktop is 1920 x 1080 @ 60 Hz

COMMAND LINE ARGUMENTS:
Unity
-adb2
-batchMode
-noUpm
-name
AssetImportWorker0
-projectPath
/home/marco69/JohnSmithGameProject/Not-A-Team/TheGame
-logFile
Logs/AssetImportWorker0.log
-srvPort
32939
Successfully changed project path to: /home/marco69/JohnSmithGameProject/Not-A-Team/TheGame
/home/marco69/JohnSmithGameProject/Not-A-Team/TheGame
Using Asset Import Pipeline V2.
Unable to load player prefs
Refreshing native plugins compatible for Editor in 56.13 ms, found 0 plugins.
Preloading 0 native plugins for Editor in 0.00 ms.
Initialize engine version: 2020.3.26f1 (7298b473bc1a)
[Subsystems] Discovering subsystems at path /home/marco69/Unity/Hub/Editor/2020.3.26f1/Editor/Data/Resources/UnitySubsystems
[Subsystems] Discovering subsystems at path /home/marco69/JohnSmithGameProject/Not-A-Team/TheGame/Assets
GLX Extensions: GLX_ARB_create_context GLX_ARB_create_context_no_error GLX_ARB_create_context_profile GLX_ARB_create_context_robustness GLX_ARB_fbconfig_float GLX_ARB_framebuffer_sRGB GLX_ARB_get_proc_address GLX_ARB_multisample GLX_EXT_buffer_age GLX_EXT_create_context_es2_profile GLX_EXT_create_context_es_profile GLX_EXT_fbconfig_packed_float GLX_EXT_framebuffer_sRGB GLX_EXT_import_context GLX_EXT_swap_control GLX_EXT_swap_control_tear GLX_EXT_texture_from_pixmap GLX_EXT_visual_info GLX_EXT_visual_rating GLX_INTEL_swap_event GLX_MESA_copy_sub_buffer GLX_MESA_query_renderer GLX_MESA_swap_control GLX_OML_swap_method GLX_OML_sync_control GLX_SGIS_multisample GLX_SGIX_fbconfig GLX_SGIX_pbuffer GLX_SGIX_visual_select_group GLX_SGI_make_current_read GLX_SGI_swap_control GLX_SGI_video_sync 
Renderer: Mesa Intel(R) UHD Graphics 620 (KBL GT2)
Vendor:   Intel
Version:  4.6 (Core Profile) Mesa 21.0.3
GLES:     0
 GL_3DFX_texture_compression_FXT1 GL_AMD_conservative_depth GL_AMD_depth_clamp_separate GL_AMD_draw_buffers_blend GL_AMD_gpu_shader_int64 GL_AMD_multi_draw_indirect GL_AMD_performance_monitor GL_AMD_pinned_memory GL_AMD_query_buffer_object GL_AMD_seamless_cubemap_per_texture GL_AMD_shader_stencil_export GL_AMD_shader_trinary_minmax GL_AMD_texture_texture4 GL_AMD_vertex_shader_layer GL_AMD_vertex_shader_viewport_index GL_ANGLE_texture_compression_dxt3 GL_ANGLE_texture_compression_dxt5 GL_ARB_ES2_compatibility GL_ARB_ES3_1_compatibility GL_ARB_ES3_2_compatibility GL_ARB_ES3_compatibility GL_ARB_arrays_of_arrays GL_ARB_base_instance GL_ARB_blend_func_extended GL_ARB_buffer_storage GL_ARB_clear_buffer_object GL_ARB_clear_texture GL_ARB_clip_control GL_ARB_compressed_texture_pixel_storage GL_ARB_compute_shader GL_ARB_compute_variable_group_size GL_ARB_conditional_render_inverted GL_ARB_conservative_depth GL_ARB_copy_buffer GL_ARB_copy_image GL_ARB_cull_distance GL_ARB_debug_output GL_ARB_depth_buffer_float GL_ARB
_depth_clamp GL_ARB_derivative_control GL_ARB_direct_state_access GL_ARB_draw_buffers GL_ARB_draw_buffers_blend GL_ARB_draw_elements_base_vertex GL_ARB_draw_indirect GL_ARB_draw_instanced GL_ARB_enhanced_layouts GL_ARB_explicit_attrib_location GL_ARB_explicit_uniform_location GL_ARB_fragment_coord_conventions GL_ARB_fragment_layer_viewport GL_ARB_fragment_shader GL_ARB_fragment_shader_interlock GL_ARB_framebuffer_no_attachments GL_ARB_framebuffer_object GL_ARB_framebuffer_sRGB GL_ARB_get_program_binary GL_ARB_get_texture_sub_image GL_ARB_gl_spirv GL_ARB_gpu_shader5 GL_ARB_gpu_shader_fp64 GL_ARB_gpu_shader_int64 GL_ARB_half_float_pixel GL_ARB_half_float_vertex GL_ARB_indirect_parameters GL_ARB_instanced_arrays GL_ARB_internalformat_query GL_ARB_internalformat_query2 GL_ARB_invalidate_subdata GL_ARB_map_buffer_alignment GL_ARB_map_buffer_range GL_ARB_multi_bind GL_ARB_multi_draw_indirect GL_ARB_occlusion_query2 GL_ARB_parallel_shader_compile GL_ARB_pipeline_statistics_query GL_ARB_pixel_buffer_object GL_ARB_po
int_sprite GL_ARB_polygon_offset_clamp GL_ARB_post_depth_coverage GL_ARB_program_interface_query GL_ARB_provoking_vertex GL_ARB_query_buffer_object GL_ARB_robust_buffer_access_behavior GL_ARB_robustness GL_ARB_sample_shading GL_ARB_sampler_objects GL_ARB_seamless_cube_map GL_ARB_seamless_cubemap_per_texture GL_ARB_separate_shader_objects GL_ARB_shader_atomic_counter_ops GL_ARB_shader_atomic_counters GL_ARB_shader_ballot GL_ARB_shader_bit_encoding GL_ARB_shader_clock GL_ARB_shader_draw_parameters GL_ARB_shader_group_vote GL_ARB_shader_image_load_store GL_ARB_shader_image_size GL_ARB_shader_objects GL_ARB_shader_precision GL_ARB_shader_stencil_export GL_ARB_shader_storage_buffer_object GL_ARB_shader_subroutine GL_ARB_shader_texture_image_samples GL_ARB_shader_texture_lod GL_ARB_shader_viewport_layer_array GL_ARB_shading_language_420pack GL_ARB_shading_language_include GL_ARB_shading_language_packing GL_ARB_spirv_extensions GL_ARB_stencil_texturing GL_ARB_sync GL_ARB_tessellation_shader GL_ARB_texture_barrier G
L_ARB_texture_buffer_object GL_ARB_texture_buffer_object_rgb32 GL_ARB_texture_buffer_range GL_ARB_texture_compression_bptc GL_ARB_texture_compression_rgtc GL_ARB_texture_cube_map_array GL_ARB_texture_filter_anisotropic GL_ARB_texture_float GL_ARB_texture_gather GL_ARB_texture_mirror_clamp_to_edge GL_ARB_texture_multisample GL_ARB_texture_non_power_of_two GL_ARB_texture_query_levels GL_ARB_texture_query_lod GL_ARB_texture_rectangle GL_ARB_texture_rg GL_ARB_texture_rgb10_a2ui GL_ARB_texture_stencil8 GL_ARB_texture_storage GL_ARB_texture_storage_multisample GL_ARB_texture_swizzle GL_ARB_texture_view GL_ARB_timer_query GL_ARB_transform_feedback2 GL_ARB_transform_feedback3 GL_ARB_transform_feedback_instanced GL_ARB_transform_feedback_overflow_query GL_ARB_uniform_buffer_object GL_ARB_vertex_array_bgra GL_ARB_vertex_array_object GL_ARB_vertex_attrib_64bit GL_ARB_vertex_attrib_binding GL_ARB_vertex_buffer_object GL_ARB_vertex_shader GL_ARB_vertex_type_10f_11f_11f_rev GL_ARB_vertex_type_2_10_10_10_rev GL_ARB_viewpor
t_array GL_ATI_blend_equation_separate GL_ATI_texture_float GL_EXT_EGL_image_storage GL_EXT_EGL_sync GL_EXT_abgr GL_EXT_blend_equation_separate GL_EXT_demote_to_helper_invocation GL_EXT_draw_buffers2 GL_EXT_draw_instanced GL_EXT_framebuffer_blit GL_EXT_framebuffer_multisample GL_EXT_framebuffer_multisample_blit_scaled GL_EXT_framebuffer_object GL_EXT_framebuffer_sRGB GL_EXT_packed_depth_stencil GL_EXT_packed_float GL_EXT_pixel_buffer_object GL_EXT_polygon_offset_clamp GL_EXT_provoking_vertex GL_EXT_semaphore GL_EXT_semaphore_fd GL_EXT_shader_framebuffer_fetch GL_EXT_shader_framebuffer_fetch_non_coherent GL_EXT_shader_integer_mix GL_EXT_shader_samples_identical GL_EXT_texture_array GL_EXT_texture_compression_dxt1 GL_EXT_texture_compression_rgtc GL_EXT_texture_compression_s3tc GL_EXT_texture_filter_anisotropic GL_EXT_texture_integer GL_EXT_texture_sRGB GL_EXT_texture_sRGB_R8 GL_EXT_texture_sRGB_decode GL_EXT_texture_shadow_lod GL_EXT_texture_shared_exponent GL_EXT_texture_snorm GL_EXT_texture_swizzle GL_EXT_ti
mer_query GL_EXT_transform_feedback GL_EXT_vertex_array_bgra GL_EXT_vertex_attrib_64bit GL_IBM_multimode_draw_arrays GL_INTEL_blackhole_render GL_INTEL_conservative_rasterization GL_INTEL_performance_query GL_INTEL_shader_atomic_float_minmax GL_INTEL_shader_integer_functions2 GL_KHR_blend_equation_advanced GL_KHR_blend_equation_advanced_coherent GL_KHR_context_flush_control GL_KHR_debug GL_KHR_no_error GL_KHR_parallel_shader_compile GL_KHR_robust_buffer_access_behavior GL_KHR_robustness GL_KHR_texture_compression_astc_ldr GL_KHR_texture_compression_astc_sliced_3d GL_MESA_framebuffer_flip_y GL_MESA_pack_invert GL_MESA_shader_integer_functions GL_MESA_texture_signed_rgba GL_NV_compute_shader_derivatives GL_NV_conditional_render GL_NV_copy_image GL_NV_depth_clamp GL_NV_fragment_shader_interlock GL_NV_packed_depth_stencil GL_NV_texture_barrier GL_OES_EGL_image GL_S3_s3tc
OPENGL LOG: Creating OpenGL 4.6 graphics device ; Context level  <OpenGL 4.5> ; Context handle -224131216
Initialize mono
Mono path[0] = '/home/marco69/Unity/Hub/Editor/2020.3.26f1/Editor/Data/Managed'
Mono path[1] = '/home/marco69/Unity/Hub/Editor/2020.3.26f1/Editor/Data/MonoBleedingEdge/lib/mono/unityjit'
Mono config path = '/home/marco69/Unity/Hub/Editor/2020.3.26f1/Editor/Data/MonoBleedingEdge/etc'
Using monoOptions --debugger-agent=transport=dt_socket,embedding=1,server=y,suspend=n,address=127.0.0.1:56721
Begin MonoManager ReloadAssembly
Registering precompiled unity dll's ...
Register platform support module: /home/marco69/Unity/Hub/Editor/2020.3.26f1/Editor/Data/PlaybackEngines/WebGLSupport/UnityEditor.WebGL.Extensions.dll
Register platform support module: /home/marco69/Unity/Hub/Editor/2020.3.26f1/Editor/Data/PlaybackEngines/LinuxStandaloneSupport/UnityEditor.LinuxStandalone.Extensions.dll
Registered in 0.001671 seconds.
Native extension for LinuxStandalone target not found
Native extension for WebGL target not found
Refreshing native plugins compatible for Editor in 51.89 ms, found 0 plugins.
Preloading 0 native plugins for Editor in 0.00 ms.
Mono: successfully reloaded assembly
- Completed reload, in  0.699 seconds
Domain Reload Profiling:
	ReloadAssembly (699ms)
		BeginReloadAssembly (35ms)
			ExecutionOrderSort (0ms)
			DisableScriptedObjects (0ms)
			BackupInstance (0ms)
			ReleaseScriptingObjects (0ms)
			CreateAndSetChildDomain (1ms)
		EndReloadAssembly (588ms)
			LoadAssemblies (33ms)
			RebuildTransferFunctionScriptingTraits (0ms)
			SetupTypeCache (183ms)
			ReleaseScriptCaches (0ms)
			RebuildScriptCaches (40ms)
			SetupLoadedEditorAssemblies (261ms)
				LogAssemblyErrors (0ms)
				InitializePlatformSupportModulesInManaged (6ms)
				SetLoadedEditorAssemblies (1ms)
				RefreshPlugins (52ms)
				BeforeProcessingInitializeOnLoad (9ms)
				ProcessInitializeOnLoadAttributes (159ms)
				ProcessInitializeOnLoadMethodAttributes (34ms)
				AfterProcessingInitializeOnLoad (0ms)
				EditorAssembliesLoaded (0ms)
			ExecutionOrderSort2 (0ms)
			AwakeInstancesAfterBackupRestoration (0ms)
Platform modules already initialized, skipping
Registering precompiled user dll's ...
Registered in 0.003980 seconds.
Begin MonoManager ReloadAssembly
Native extension for LinuxStandalone target not found
Native extension for WebGL target not found
Refreshing native plugins compatible for Editor in 0.76 ms, found 0 plugins.
Preloading 0 native plugins for Editor in 0.00 ms.
Mono: successfully reloaded assembly
- Completed reload, in  1.275 seconds
Domain Reload Profiling:
	ReloadAssembly (1276ms)
		BeginReloadAssembly (140ms)
			ExecutionOrderSort (0ms)
			DisableScriptedObjects (6ms)
			BackupInstance (0ms)
			ReleaseScriptingObjects (0ms)
			CreateAndSetChildDomain (23ms)
		EndReloadAssembly (1070ms)
			LoadAssemblies (83ms)
			RebuildTransferFunctionScriptingTraits (0ms)
			SetupTypeCache (340ms)
			ReleaseScriptCaches (0ms)
			RebuildScriptCaches (60ms)
			SetupLoadedEditorAssemblies (459ms)
				LogAssemblyErrors (0ms)
				InitializePlatformSupportModulesInManaged (6ms)
				SetLoadedEditorAssemblies (1ms)
				RefreshPlugins (1ms)
				BeforeProcessingInitializeOnLoad (71ms)
				ProcessInitializeOnLoadAttributes (321ms)
				ProcessInitializeOnLoadMethodAttributes (54ms)
				AfterProcessingInitializeOnLoad (5ms)
				EditorAssembliesLoaded (0ms)
			ExecutionOrderSort2 (0ms)
			AwakeInstancesAfterBackupRestoration (8ms)
Platform modules already initialized, skipping
========================================================================
Worker process is ready to serve import requests
Launched and connected shader compiler UnityShaderCompiler after 0.01 seconds
Refreshing native plugins compatible for Editor in 0.76 ms, found 0 plugins.
Preloading 0 native plugins for Editor in 0.00 ms.
Unloading 2130 Unused Serialized files (Serialized files now loaded: 0)
System memory in use before: 79.1 MB.
System memory in use after: 78.9 MB.

Unloading 58 unused Assets to reduce memory usage. Loaded Objects now: 2534.
Total: 15.001568 ms (FindLiveObjects: 0.317233 ms CreateObjectMapping: 0.167707 ms MarkObjects: 14.065231 ms  DeleteObjects: 0.449793 ms)

AssetImportParameters requested are different than current active one (requested -> active):
  custom:video-decoder-ogg-theora: a1e56fd34408186e4bbccfd4996cb3dc -> 
  custom:container-muxer-webm: aa71ff27fc2769a1b78a27578f13a17b -> 
  custom:container-demuxer-webm: 4f35f7cbe854078d1ac9338744f61a02 -> 
  custom:container-demuxer-ogg: 62fdf1f143b41e24485cea50d1cbac27 -> 
  custom:video-encoder-webm-vp8: eb34c28f22e8b96e1ab97ce403110664 -> 
  custom:video-decoder-webm-vp8: 9c59270c3fd7afecdb556c50c9e8de78 -> 
  custom:audio-decoder-ogg-vorbis: bf7c407c2cedff20999df2af8eb42d56 -> 
  custom:audio-encoder-webm-vorbis: bf7c407c2cedff20999df2af8eb42d56 -> 
========================================================================
Received Import Request.
  path: Assets/Sprites/new-mexico.png
  artifactKey: Guid(a4ebc99547b4c384a9dc60bd7350d637) Importer(815301076,1909f56bfc062723c751e8b465ee728b)
Start importing Assets/Sprites/new-mexico.png using Guid(a4ebc99547b4c384a9dc60bd7350d637) Importer(815301076,1909f56bfc062723c751e8b465ee728b)  -> (artifact id: '0950b3ca55ec5e76c8d76f9716438f3c') in 0.087734 seconds 
  Import took 0.091802 seconds .

========================================================================
Received Import Request.
  Time since last request: 0.000258 seconds.
  path: Assets/Sprites/tridelt.png
  artifactKey: Guid(724f93aba33d2c34ab80652bf4c67cba) Importer(815301076,1909f56bfc062723c751e8b465ee728b)
Start importing Assets/Sprites/tridelt.png using Guid(724f93aba33d2c34ab80652bf4c67cba) Importer(815301076,1909f56bfc062723c751e8b465ee728b)  -> (artifact id: '11491b56803de0e55a31dcc81a08cf05') in 0.007680 seconds 
  Import took 0.010586 seconds .

========================================================================
Received Import Request.
  Time since last request: 0.000282 seconds.
  path: Assets/Sprites
  artifactKey: Guid(bb5208ae92dacb94cb2c5801fcd190eb) Importer(815301076,1909f56bfc062723c751e8b465ee728b)
Start importing Assets/Sprites using Guid(bb5208ae92dacb94cb2c5801fcd190eb) Importer(815301076,1909f56bfc062723c751e8b465ee728b)  -> (artifact id: 'bb1f0f4c09e5af6dc21e9576e82bff0f') in 0.000744 seconds 
  Import took 0.003899 seconds .

========================================================================
Received Prepare
Registering precompiled user dll's ...
Registered in 0.003685 seconds.
Begin MonoManager ReloadAssembly
Native extension for LinuxStandalone target not found
Native extension for WebGL target not found
Refreshing native plugins compatible for Editor in 2.40 ms, found 0 plugins.
Preloading 0 native plugins for Editor in 0.00 ms.
Mono: successfully reloaded assembly
- Completed reload, in  1.398 seconds
Domain Reload Profiling:
	ReloadAssembly (1399ms)
		BeginReloadAssembly (129ms)
			ExecutionOrderSort (0ms)
			DisableScriptedObjects (7ms)
			BackupInstance (0ms)
			ReleaseScriptingObjects (0ms)
			CreateAndSetChildDomain (56ms)
		EndReloadAssembly (1199ms)
			LoadAssemblies (92ms)
			RebuildTransferFunctionScriptingTraits (0ms)
			SetupTypeCache (320ms)
			ReleaseScriptCaches (1ms)
			RebuildScriptCaches (58ms)
			SetupLoadedEditorAssemblies (583ms)
				LogAssemblyErrors (0ms)
				InitializePlatformSupportModulesInManaged (13ms)
				SetLoadedEditorAssemblies (1ms)
				RefreshPlugins (3ms)
				BeforeProcessingInitializeOnLoad (97ms)
				ProcessInitializeOnLoadAttributes (374ms)
				ProcessInitializeOnLoadMethodAttributes (88ms)
				AfterProcessingInitializeOnLoad (7ms)
				EditorAssembliesLoaded (0ms)
			ExecutionOrderSort2 (0ms)
			AwakeInstancesAfterBackupRestoration (12ms)
Platform modules already initialized, skipping
Refreshing native plugins compatible for Editor in 0.74 ms, found 0 plugins.
Preloading 0 native plugins for Editor in 0.00 ms.
Unloading 2124 Unused Serialized files (Serialized files now loaded: 0)
System memory in use before: 80.2 MB.
System memory in use after: 80.1 MB.

Unloading 49 unused Assets to reduce memory usage. Loaded Objects now: 2544.
Total: 15.606887 ms (FindLiveObjects: 0.295102 ms CreateObjectMapping: 0.126942 ms MarkObjects: 15.004880 ms  DeleteObjects: 0.177554 ms)

AssetImportParameters requested are different than current active one (requested -> active):
  custom:video-decoder-ogg-theora: a1e56fd34408186e4bbccfd4996cb3dc -> 
  custom:container-muxer-webm: aa71ff27fc2769a1b78a27578f13a17b -> 
  custom:container-demuxer-webm: 4f35f7cbe854078d1ac9338744f61a02 -> 
  custom:container-demuxer-ogg: 62fdf1f143b41e24485cea50d1cbac27 -> 
  custom:video-encoder-webm-vp8: eb34c28f22e8b96e1ab97ce403110664 -> 
  custom:video-decoder-webm-vp8: 9c59270c3fd7afecdb556c50c9e8de78 -> 
  custom:audio-decoder-ogg-vorbis: bf7c407c2cedff20999df2af8eb42d56 -> 
  custom:audio-encoder-webm-vorbis: bf7c407c2cedff20999df2af8eb42d56 -> 
========================================================================
Received Import Request.
  Time since last request: 142.073579 seconds.
  path: Assets/Sprites/Dragon Warrior Files
  artifactKey: Guid(35011fc5ee955302e8fdbd23bc4cb976) Importer(815301076,1909f56bfc062723c751e8b465ee728b)
Start importing Assets/Sprites/Dragon Warrior Files using Guid(35011fc5ee955302e8fdbd23bc4cb976) Importer(815301076,1909f56bfc062723c751e8b465ee728b)  -> (artifact id: 'a540faeca9a600f0ff5443d5af9f6125') in 0.003933 seconds 
  Import took 0.007811 seconds .

========================================================================
Received Import Request.
  Time since last request: 5.490970 seconds.
  path: Assets/Sprites/Character
  artifactKey: Guid(35011fc5ee955302e8fdbd23bc4cb976) Importer(815301076,1909f56bfc062723c751e8b465ee728b)
Start importing Assets/Sprites/Character using Guid(35011fc5ee955302e8fdbd23bc4cb976) Importer(815301076,1909f56bfc062723c751e8b465ee728b)  -> (artifact id: '79f2c27a0b8d8191900f12b872e94c76') in 0.000828 seconds 
  Import took 0.004080 seconds .

========================================================================
Received Import Request.
  Time since last request: 12.859190 seconds.
  path: Assets/Sprites/Character/Dragon Warrior PNG/attack_01.png
  artifactKey: Guid(2d81263c15e0870429e027cfa336f392) Importer(815301076,1909f56bfc062723c751e8b465ee728b)
Start importing Assets/Sprites/Character/Dragon Warrior PNG/attack_01.png using Guid(2d81263c15e0870429e027cfa336f392) Importer(815301076,1909f56bfc062723c751e8b465ee728b)  -> (artifact id: 'eafb84a91ee8201f16fd6fc428993f35') in 0.053360 seconds 
  Import took 0.056537 seconds .

========================================================================
Received Import Request.
  Time since last request: 0.000223 seconds.
  path: Assets/Sprites/Character/Effects/dashwind_06.png
  artifactKey: Guid(96f5eb2ddc8448f47972a4894ee8f3be) Importer(815301076,1909f56bfc062723c751e8b465ee728b)
Start importing Assets/Sprites/Character/Effects/dashwind_06.png using Guid(96f5eb2ddc8448f47972a4894ee8f3be) Importer(815301076,1909f56bfc062723c751e8b465ee728b)  -> (artifact id: 'ab4f856a084bc83e44906dc51b95ca7e') in 0.007085 seconds 
  Import took 0.010509 seconds .

========================================================================
Received Import Request.
  Time since last request: 0.000290 seconds.
  path: Assets/Sprites/Character/Dragon Warrior PNG/walk_04.png
  artifactKey: Guid(5480b347e27b5074da20bc4efbd8d6d6) Importer(815301076,1909f56bfc062723c751e8b465ee728b)
Start importing Assets/Sprites/Character/Dragon Warrior PNG/walk_04.png using Guid(5480b347e27b5074da20bc4efbd8d6d6) Importer(815301076,1909f56bfc062723c751e8b465ee728b)  -> (artifact id: '3820f8a7ea676edb221ce5dc85156a9e') in 0.007053 seconds 
  Import took 0.010056 seconds .

========================================================================
Received Import Request.
  Time since last request: 0.000239 seconds.
  path: Assets/Sprites/Character/Effects/particlel.png
  artifactKey: Guid(ca17161ee20736d4282c05c6c94bfd61) Importer(815301076,1909f56bfc062723c751e8b465ee728b)
Start importing Assets/Sprites/Character/Effects/particlel.png using Guid(ca17161ee20736d4282c05c6c94bfd61) Importer(815301076,1909f56bfc062723c751e8b465ee728b)  -> (artifact id: 'c7ca24b7cebd2e617ce57cfedc01518b') in 0.007039 seconds 
  Import took 0.010004 seconds .

========================================================================
Received Import Request.
  Time since last request: 0.000279 seconds.
  path: Assets/Sprites/Character/Dragon Warrior PNG/die_004.png
  artifactKey: Guid(0d77f73d4d99df547aa70ffcb58767a5) Importer(815301076,1909f56bfc062723c751e8b465ee728b)
Start importing Assets/Sprites/Character/Dragon Warrior PNG/die_004.png using Guid(0d77f73d4d99df547aa70ffcb58767a5) Importer(815301076,1909f56bfc062723c751e8b465ee728b)  -> (artifact id: 'b15dfe324fadc45ac23839432ae305f8') in 0.007303 seconds 
  Import took 0.010303 seconds .

========================================================================
Received Import Request.
  Time since last request: 0.000219 seconds.
  path: Assets/Sprites/Character/Dragon Warrior PNG/walk_05.png
  artifactKey: Guid(9306e39f0f362e24888908e2bc7ab52a) Importer(815301076,1909f56bfc062723c751e8b465ee728b)
Start importing Assets/Sprites/Character/Dragon Warrior PNG/walk_05.png using Guid(9306e39f0f362e24888908e2bc7ab52a) Importer(815301076,1909f56bfc062723c751e8b465ee728b)  -> (artifact id: '5ab3a2fa9b113ff9f5f99eb70446e03f') in 0.007375 seconds 
  Import took 0.010973 seconds .

========================================================================
Received Import Request.
  Time since last request: 0.000247 seconds.
  path: Assets/Sprites/Character/Effects/dashwind_01.png
  artifactKey: Guid(087330196575cb349a5822e5936a769f) Importer(815301076,1909f56bfc062723c751e8b465ee728b)
Start importing Assets/Sprites/Character/Effects/dashwind_01.png using Guid(087330196575cb349a5822e5936a769f) Importer(815301076,1909f56bfc062723c751e8b465ee728b)  -> (artifact id: '280a92d95b0fac3171e0b024a8ccd040') in 0.008006 seconds 
  Import took 0.011879 seconds .

========================================================================
Received Import Request.
  Time since last request: 0.000220 seconds.
  path: Assets/Sprites/Character/Dragon Warrior PNG/walk_02.png
  artifactKey: Guid(23bc0af480a292c4a92209d33c2e7c0d) Importer(815301076,1909f56bfc062723c751e8b465ee728b)
Start importing Assets/Sprites/Character/Dragon Warrior PNG/walk_02.png using Guid(23bc0af480a292c4a92209d33c2e7c0d) Importer(815301076,1909f56bfc062723c751e8b465ee728b)  -> (artifact id: 'e3fcd3957c8648fa8c9378156caa1c05') in 0.008322 seconds 
  Import took 0.012154 seconds .

========================================================================
Received Import Request.
  Time since last request: 0.000299 seconds.
  path: Assets/Sprites/Character/Dragon Warrior PNG/win_01.png
  artifactKey: Guid(a39d0102686062f47b97c60ea2b3e237) Importer(815301076,1909f56bfc062723c751e8b465ee728b)
Start importing Assets/Sprites/Character/Dragon Warrior PNG/win_01.png using Guid(a39d0102686062f47b97c60ea2b3e237) Importer(815301076,1909f56bfc062723c751e8b465ee728b)  -> (artifact id: 'd4f895df5e70d79262ec894038e8eeb5') in 0.007873 seconds 
  Import took 0.011575 seconds .

========================================================================
Received Import Request.
  Time since last request: 0.000285 seconds.
  path: Assets/Sprites/Character/Dragon Warrior PNG/walk_01.png
  artifactKey: Guid(ec6024434cc0c7f4eb61be20590aef7f) Importer(815301076,1909f56bfc062723c751e8b465ee728b)
Start importing Assets/Sprites/Character/Dragon Warrior PNG/walk_01.png using Guid(ec6024434cc0c7f4eb61be20590aef7f) Importer(815301076,1909f56bfc062723c751e8b465ee728b)  -> (artifact id: 'ee0647ed8a709170f1d7f381b61d936b') in 0.008475 seconds 
  Import took 0.012341 seconds .

========================================================================
Received Import Request.
  Time since last request: 0.000129 seconds.
  path: Assets/Sprites/Character/Dragon Warrior PNG/walk_06.png
  artifactKey: Guid(f20355d64c1efe249bc0de4d35a8cf0f) Importer(815301076,1909f56bfc062723c751e8b465ee728b)
Start importing Assets/Sprites/Character/Dragon Warrior PNG/walk_06.png using Guid(f20355d64c1efe249bc0de4d35a8cf0f) Importer(815301076,1909f56bfc062723c751e8b465ee728b)  -> (artifact id: '04bd531614233e7bdcd224553f7a9a24') in 0.009198 seconds 
  Import took 0.012690 seconds .

========================================================================
Received Import Request.
  Time since last request: 0.000243 seconds.
  path: Assets/Sprites/Character/Dragon Warrior PNG/strike_03.png
  artifactKey: Guid(519b39a04c9af67439a2279a77872a68) Importer(815301076,1909f56bfc062723c751e8b465ee728b)
Start importing Assets/Sprites/Character/Dragon Warrior PNG/strike_03.png using Guid(519b39a04c9af67439a2279a77872a68) Importer(815301076,1909f56bfc062723c751e8b465ee728b)  -> (artifact id: 'da1d21be780dfdf898ac82589583fd23') in 0.008701 seconds 
  Import took 0.012743 seconds .

========================================================================
Received Import Request.
  Time since last request: 0.000196 seconds.
  path: Assets/Sprites/Character/Dragon Warrior PNG/crouch_02.png
  artifactKey: Guid(4712c1ad024e03b4c97cf0683831cff8) Importer(815301076,1909f56bfc062723c751e8b465ee728b)
Start importing Assets/Sprites/Character/Dragon Warrior PNG/crouch_02.png using Guid(4712c1ad024e03b4c97cf0683831cff8) Importer(815301076,1909f56bfc062723c751e8b465ee728b)  -> (artifact id: '4f4dab3a701b3f87b74b4a62401dc944') in 0.009047 seconds 
  Import took 0.013032 seconds .

========================================================================
Received Import Request.
  Time since last request: 0.000313 seconds.
  path: Assets/Sprites/Character/Dragon Warrior PNG/walk_03.png
  artifactKey: Guid(98c5ac8072bb34448b13482b69c7a0b3) Importer(815301076,1909f56bfc062723c751e8b465ee728b)
Start importing Assets/Sprites/Character/Dragon Warrior PNG/walk_03.png using Guid(98c5ac8072bb34448b13482b69c7a0b3) Importer(815301076,1909f56bfc062723c751e8b465ee728b)  -> (artifact id: '8c62a68af98f8e9974cbe75ca79de261') in 0.008429 seconds 
  Import took 0.012607 seconds .

========================================================================
Received Import Request.
  Time since last request: 0.000323 seconds.
  path: Assets/Sprites/Character/Dragon Warrior PNG/die_002.png
  artifactKey: Guid(c96b02b971b0a4243881a4f47f4d3179) Importer(815301076,1909f56bfc062723c751e8b465ee728b)
Start importing Assets/Sprites/Character/Dragon Warrior PNG/die_002.png using Guid(c96b02b971b0a4243881a4f47f4d3179) Importer(815301076,1909f56bfc062723c751e8b465ee728b)  -> (artifact id: 'bfa7b616ce47859277a963c63aeff576') in 0.011001 seconds 
  Import took 0.015854 seconds .

========================================================================
Received Import Request.
  Time since last request: 0.000204 seconds.
  path: Assets/Sprites/Character/Dragon Warrior PNG/crouch_ATK_01.png
  artifactKey: Guid(cfb0994800bda9d46ac37ca2d06f5c51) Importer(815301076,1909f56bfc062723c751e8b465ee728b)
Start importing Assets/Sprites/Character/Dragon Warrior PNG/crouch_ATK_01.png using Guid(cfb0994800bda9d46ac37ca2d06f5c51) Importer(815301076,1909f56bfc062723c751e8b465ee728b)  -> (artifact id: 'c48c3618f3a317c2274f79174bbc75ac') in 0.011852 seconds 
  Import took 0.016570 seconds .

========================================================================
Received Import Request.
  Time since last request: 0.000200 seconds.
  path: Assets/Sprites/Character/Effects/dashwind_03.png
  artifactKey: Guid(994796bd09ad9ea4b910a4e8157e99b6) Importer(815301076,1909f56bfc062723c751e8b465ee728b)
Start importing Assets/Sprites/Character/Effects/dashwind_03.png using Guid(994796bd09ad9ea4b910a4e8157e99b6) Importer(815301076,1909f56bfc062723c751e8b465ee728b)  -> (artifact id: '4d5e5df7f7af5e4a85d09c6c38940711') in 0.008541 seconds 
  Import took 0.012737 seconds .

========================================================================
Received Import Request.
  Time since last request: 0.000230 seconds.
  path: Assets/Sprites/Character/Effects/dashwind_02.png
  artifactKey: Guid(7ee76aa704bf5874e9c6b413729f72fe) Importer(815301076,1909f56bfc062723c751e8b465ee728b)
Start importing Assets/Sprites/Character/Effects/dashwind_02.png using Guid(7ee76aa704bf5874e9c6b413729f72fe) Importer(815301076,1909f56bfc062723c751e8b465ee728b)  -> (artifact id: 'de611b8b6dd6be2ffe0f1a9487097058') in 0.008642 seconds 
  Import took 0.012272 seconds .

========================================================================
Received Import Request.
  Time since last request: 0.000223 seconds.
  path: Assets/Sprites/Character/Dragon Warrior PNG/die_003.png
  artifactKey: Guid(2d0a58967735e414e8ccd71cf74ba3f5) Importer(815301076,1909f56bfc062723c751e8b465ee728b)
Start importing Assets/Sprites/Character/Dragon Warrior PNG/die_003.png using Guid(2d0a58967735e414e8ccd71cf74ba3f5) Importer(815301076,1909f56bfc062723c751e8b465ee728b)  -> (artifact id: '9b828ea92e859ad2cf967cabc5b8990b') in 0.008114 seconds 
  Import took 0.011807 seconds .

========================================================================
Received Import Request.
  Time since last request: 0.000234 seconds.
  path: Assets/Sprites/Character/Dragon Warrior PNG/crouch_01.png
  artifactKey: Guid(f11802c99509ede4c9db6c8746969cc8) Importer(815301076,1909f56bfc062723c751e8b465ee728b)
Start importing Assets/Sprites/Character/Dragon Warrior PNG/crouch_01.png using Guid(f11802c99509ede4c9db6c8746969cc8) Importer(815301076,1909f56bfc062723c751e8b465ee728b)  -> (artifact id: '70a5c37957209439e6762a4ff8f927be') in 0.008184 seconds 
  Import took 0.013105 seconds .

========================================================================
Received Import Request.
  Time since last request: 0.000228 seconds.
  path: Assets/Sprites/Character/Dragon Warrior PNG/strike_05.png
  artifactKey: Guid(e77df11815124d74ba29a147b3ce910a) Importer(815301076,1909f56bfc062723c751e8b465ee728b)
Start importing Assets/Sprites/Character/Dragon Warrior PNG/strike_05.png using Guid(e77df11815124d74ba29a147b3ce910a) Importer(815301076,1909f56bfc062723c751e8b465ee728b)  -> (artifact id: '8bd04c08aba69b72fbfc04d11ecb6b25') in 0.008493 seconds 
  Import took 0.012098 seconds .

========================================================================
Received Import Request.
  Time since last request: 0.000150 seconds.
  path: Assets/Sprites/Character/Dragon Warrior PNG/attack_02.png
  artifactKey: Guid(2ac0bdb1f72273446853e8d81225c348) Importer(815301076,1909f56bfc062723c751e8b465ee728b)
Start importing Assets/Sprites/Character/Dragon Warrior PNG/attack_02.png using Guid(2ac0bdb1f72273446853e8d81225c348) Importer(815301076,1909f56bfc062723c751e8b465ee728b)  -> (artifact id: 'f08522d397dcd803c32b1e0e5349d17c') in 0.009808 seconds 
  Import took 0.013410 seconds .

========================================================================
Received Import Request.
  Time since last request: 0.000222 seconds.
  path: Assets/Sprites/Character/Dragon Warrior PNG/crouch_ATK_03.png
  artifactKey: Guid(e5a801c3d96b4f842b19dde07d6261ca) Importer(815301076,1909f56bfc062723c751e8b465ee728b)
Start importing Assets/Sprites/Character/Dragon Warrior PNG/crouch_ATK_03.png using Guid(e5a801c3d96b4f842b19dde07d6261ca) Importer(815301076,1909f56bfc062723c751e8b465ee728b)  -> (artifact id: '677d6c6a076b30f110693fafe9fc45ac') in 0.008403 seconds 
  Import took 0.012550 seconds .

========================================================================
Received Import Request.
  Time since last request: 0.000204 seconds.
  path: Assets/Sprites/Character/Effects/potion.png
  artifactKey: Guid(1fa7ccda57ea232489a40129d872165b) Importer(815301076,1909f56bfc062723c751e8b465ee728b)
Start importing Assets/Sprites/Character/Effects/potion.png using Guid(1fa7ccda57ea232489a40129d872165b) Importer(815301076,1909f56bfc062723c751e8b465ee728b)  -> (artifact id: 'c05ea061cca07efd7050a34d44fcbd37') in 0.008447 seconds 
  Import took 0.012327 seconds .

========================================================================
Received Import Request.
  Time since last request: 0.000185 seconds.
  path: Assets/Sprites/Character/Dragon Warrior PNG/strike_01.png
  artifactKey: Guid(4b90e2136f82c864199ce0fe6565864e) Importer(815301076,1909f56bfc062723c751e8b465ee728b)
Start importing Assets/Sprites/Character/Dragon Warrior PNG/strike_01.png using Guid(4b90e2136f82c864199ce0fe6565864e) Importer(815301076,1909f56bfc062723c751e8b465ee728b)  -> (artifact id: '1529a22506049182c63363ae2db28b3c') in 0.009758 seconds 
  Import took 0.013532 seconds .

========================================================================
Received Import Request.
  Time since last request: 0.000278 seconds.
  path: Assets/Sprites/Character/Dragon Warrior PNG/win_02.png
  artifactKey: Guid(b81c4bdf1f97f00419a7a6db51184b83) Importer(815301076,1909f56bfc062723c751e8b465ee728b)
Start importing Assets/Sprites/Character/Dragon Warrior PNG/win_02.png using Guid(b81c4bdf1f97f00419a7a6db51184b83) Importer(815301076,1909f56bfc062723c751e8b465ee728b)  -> (artifact id: 'f3648f387c76f1fe9438e30938de91bf') in 0.009244 seconds 
  Import took 0.013452 seconds .

========================================================================
Received Import Request.
  Time since last request: 0.000316 seconds.
  path: Assets/Sprites/Character/Dragon Warrior PNG/strike_02.png
  artifactKey: Guid(d039aec307e3c04479b3b8d8b1818bdc) Importer(815301076,1909f56bfc062723c751e8b465ee728b)
Start importing Assets/Sprites/Character/Dragon Warrior PNG/strike_02.png using Guid(d039aec307e3c04479b3b8d8b1818bdc) Importer(815301076,1909f56bfc062723c751e8b465ee728b)  -> (artifact id: '56ac691f57671b08cbb8b733ac9e90bb') in 0.009159 seconds 
  Import took 0.013058 seconds .

========================================================================
Received Import Request.
  Time since last request: 0.000251 seconds.
  path: Assets/Sprites/Character/Dragon Warrior PNG/strike_04.png
  artifactKey: Guid(e0f84d52f5380e34fa557ed3116d0c20) Importer(815301076,1909f56bfc062723c751e8b465ee728b)
Start importing Assets/Sprites/Character/Dragon Warrior PNG/strike_04.png using Guid(e0f84d52f5380e34fa557ed3116d0c20) Importer(815301076,1909f56bfc062723c751e8b465ee728b)  -> (artifact id: 'f6252cfa7a5dd0d22896fe16ae1a817a') in 0.008647 seconds 
  Import took 0.013484 seconds .

========================================================================
Received Import Request.
  Time since last request: 0.000296 seconds.
  path: Assets/Sprites/Character/Dragon Warrior PNG/attack_03.png
  artifactKey: Guid(080098adc5ac9cc428f1a442160eef31) Importer(815301076,1909f56bfc062723c751e8b465ee728b)
Start importing Assets/Sprites/Character/Dragon Warrior PNG/attack_03.png using Guid(080098adc5ac9cc428f1a442160eef31) Importer(815301076,1909f56bfc062723c751e8b465ee728b)  -> (artifact id: '60c0601c55650cc08260e4ea788a6ec1') in 0.009145 seconds 
  Import took 0.012688 seconds .

========================================================================
Received Import Request.
  Time since last request: 0.000232 seconds.
  path: Assets/Sprites/Character/Effects/dashwind_04.png
  artifactKey: Guid(de9714f3b21127e4196ebe9bd2163252) Importer(815301076,1909f56bfc062723c751e8b465ee728b)
Start importing Assets/Sprites/Character/Effects/dashwind_04.png using Guid(de9714f3b21127e4196ebe9bd2163252) Importer(815301076,1909f56bfc062723c751e8b465ee728b)  -> (artifact id: 'dd6c32d4d3dce31447d1e6e68c3498e4') in 0.008663 seconds 
  Import took 0.012732 seconds .

========================================================================
Received Import Request.
  Time since last request: 0.000270 seconds.
  path: Assets/Sprites/Character/Dragon Warrior PNG/die_001.png
  artifactKey: Guid(78cb51b531ddb89419c7fa611c7098dc) Importer(815301076,1909f56bfc062723c751e8b465ee728b)
Start importing Assets/Sprites/Character/Dragon Warrior PNG/die_001.png using Guid(78cb51b531ddb89419c7fa611c7098dc) Importer(815301076,1909f56bfc062723c751e8b465ee728b)  -> (artifact id: 'af97f8c0034cb01a7c3c02904cecdb7a') in 0.008806 seconds 
  Import took 0.013072 seconds .

========================================================================
Received Import Request.
  Time since last request: 0.000195 seconds.
  path: Assets/Sprites/Character/Dragon Warrior PNG/crouch_ATK_02.png
  artifactKey: Guid(629e63a13f5fdc0479184fc58e22bb9b) Importer(815301076,1909f56bfc062723c751e8b465ee728b)
Start importing Assets/Sprites/Character/Dragon Warrior PNG/crouch_ATK_02.png using Guid(629e63a13f5fdc0479184fc58e22bb9b) Importer(815301076,1909f56bfc062723c751e8b465ee728b)  -> (artifact id: '94be443f28b694a0e271dcc9b2c1edb1') in 0.008352 seconds 
  Import took 0.011944 seconds .

========================================================================
Received Import Request.
  Time since last request: 0.000321 seconds.
  path: Assets/Sprites/Character/Effects/dashwind_05.png
  artifactKey: Guid(8a8fbecbb5021704b98e2180334900cb) Importer(815301076,1909f56bfc062723c751e8b465ee728b)
Start importing Assets/Sprites/Character/Effects/dashwind_05.png using Guid(8a8fbecbb5021704b98e2180334900cb) Importer(815301076,1909f56bfc062723c751e8b465ee728b)  -> (artifact id: '608f8fed3479003ab7e55e21c0d43f1e') in 0.009914 seconds 
  Import took 0.014085 seconds .

========================================================================
Received Import Request.
  Time since last request: 2.202971 seconds.
  path: Assets/Sprites/Character/Dragon Warrior PNG/jumpATK_02.png
  artifactKey: Guid(c0ce46792cbd15b448935b4e757cbc02) Importer(815301076,1909f56bfc062723c751e8b465ee728b)
Start importing Assets/Sprites/Character/Dragon Warrior PNG/jumpATK_02.png using Guid(c0ce46792cbd15b448935b4e757cbc02) Importer(815301076,1909f56bfc062723c751e8b465ee728b)  -> (artifact id: 'f8dfaf88fdce8c73d3aa3f46abab3664') in 0.013497 seconds 
  Import took 0.019257 seconds .

========================================================================
Received Import Request.
  Time since last request: 0.000384 seconds.
  path: Assets/Sprites/Character/Dragon Warrior PNG/jumpATK_03.png
  artifactKey: Guid(f6e89433e48418f4e883f7e3ac6bbf67) Importer(815301076,1909f56bfc062723c751e8b465ee728b)
Start importing Assets/Sprites/Character/Dragon Warrior PNG/jumpATK_03.png using Guid(f6e89433e48418f4e883f7e3ac6bbf67) Importer(815301076,1909f56bfc062723c751e8b465ee728b)  -> (artifact id: 'f66ca854f391b6e6df7e2c987bbcc1fb') in 0.011387 seconds 
  Import took 0.015951 seconds .

========================================================================
Received Import Request.
  Time since last request: 0.237712 seconds.
  path: Assets/Sprites/Character/Dragon Warrior PNG/jump_01.png
  artifactKey: Guid(b7297c1f2406fc74eaedd34307edb24b) Importer(815301076,1909f56bfc062723c751e8b465ee728b)
Start importing Assets/Sprites/Character/Dragon Warrior PNG/jump_01.png using Guid(b7297c1f2406fc74eaedd34307edb24b) Importer(815301076,1909f56bfc062723c751e8b465ee728b)  -> (artifact id: 'c82617732a79bde178a9b53437c253eb') in 0.013274 seconds 
  Import took 0.020335 seconds .

========================================================================
Received Import Request.
  Time since last request: 0.000353 seconds.
  path: Assets/Sprites/Character/Dragon Warrior PNG/jumpATK_01.png
  artifactKey: Guid(f1b31f7728766914f9bdd24da0c6c15d) Importer(815301076,1909f56bfc062723c751e8b465ee728b)
Start importing Assets/Sprites/Character/Dragon Warrior PNG/jumpATK_01.png using Guid(f1b31f7728766914f9bdd24da0c6c15d) Importer(815301076,1909f56bfc062723c751e8b465ee728b)  -> (artifact id: '0f049d8204d03ba86663eed943e0b6bc') in 0.010625 seconds 
  Import took 0.015447 seconds .

========================================================================
Received Import Request.
  Time since last request: 0.000335 seconds.
  path: Assets/Sprites/Character/Dragon Warrior PNG/jump_02.png
  artifactKey: Guid(d2df597a04a76de4a96a4c5e9a6f0ca4) Importer(815301076,1909f56bfc062723c751e8b465ee728b)
Start importing Assets/Sprites/Character/Dragon Warrior PNG/jump_02.png using Guid(d2df597a04a76de4a96a4c5e9a6f0ca4) Importer(815301076,1909f56bfc062723c751e8b465ee728b)  -> (artifact id: '18e2da5bdcf682d719c5d69ebdd97479') in 0.008665 seconds 
  Import took 0.012259 seconds .

========================================================================
Received Import Request.
  Time since last request: 0.555297 seconds.
  path: Assets/Sprites/Character/Dragon Warrior PNG/idle_04.png
  artifactKey: Guid(f53e5e300297519409f636d0b0aef3fa) Importer(815301076,1909f56bfc062723c751e8b465ee728b)
Start importing Assets/Sprites/Character/Dragon Warrior PNG/idle_04.png using Guid(f53e5e300297519409f636d0b0aef3fa) Importer(815301076,1909f56bfc062723c751e8b465ee728b)  -> (artifact id: '1ae38adc6f203d2fa4ed2bba4eb8d264') in 0.021691 seconds 
  Import took 0.030503 seconds .

========================================================================
Received Import Request.
  Time since last request: 0.000402 seconds.
  path: Assets/Sprites/Character/Dragon Warrior PNG/idle_06.png
  artifactKey: Guid(4f4ced12cb9b05c488e369f8bae6ab32) Importer(815301076,1909f56bfc062723c751e8b465ee728b)
Start importing Assets/Sprites/Character/Dragon Warrior PNG/idle_06.png using Guid(4f4ced12cb9b05c488e369f8bae6ab32) Importer(815301076,1909f56bfc062723c751e8b465ee728b)  -> (artifact id: 'db60f45f30138a94c7829ac5aacbf8f6') in 0.009264 seconds 
  Import took 0.013963 seconds .

========================================================================
Received Import Request.
  Time since last request: 0.000196 seconds.
  path: Assets/Sprites/Character/Dragon Warrior PNG/idle_05.png
  artifactKey: Guid(d6f80947af627e947b45cfa7a5ccc2c9) Importer(815301076,1909f56bfc062723c751e8b465ee728b)
Start importing Assets/Sprites/Character/Dragon Warrior PNG/idle_05.png using Guid(d6f80947af627e947b45cfa7a5ccc2c9) Importer(815301076,1909f56bfc062723c751e8b465ee728b)  -> (artifact id: 'dfd42e771e4cc7bdcbf61bdded4678b6') in 0.008473 seconds 
  Import took 0.012167 seconds .

========================================================================
Received Import Request.
  Time since last request: 1.713716 seconds.
  path: Assets/Sprites/Character/Dragon Warrior PNG/idle_01.png
  artifactKey: Guid(20daa800a641d9e4cae18a06630db1ef) Importer(815301076,1909f56bfc062723c751e8b465ee728b)
Start importing Assets/Sprites/Character/Dragon Warrior PNG/idle_01.png using Guid(20daa800a641d9e4cae18a06630db1ef) Importer(815301076,1909f56bfc062723c751e8b465ee728b)  -> (artifact id: 'dba26ee4f8e904c05641a1a3125c7acc') in 0.016015 seconds 
  Import took 0.023378 seconds .

========================================================================
Received Import Request.
  Time since last request: 0.000400 seconds.
  path: Assets/Sprites/Character/Dragon Warrior PNG/idle_02.png
  artifactKey: Guid(50a4a2787b97b4d4080a545cb036d0fb) Importer(815301076,1909f56bfc062723c751e8b465ee728b)
Start importing Assets/Sprites/Character/Dragon Warrior PNG/idle_02.png using Guid(50a4a2787b97b4d4080a545cb036d0fb) Importer(815301076,1909f56bfc062723c751e8b465ee728b)  -> (artifact id: '50e8c953336209f6ac2cc7054e35e205') in 0.014298 seconds 
  Import took 0.020796 seconds .

========================================================================
Received Import Request.
  Time since last request: 0.000366 seconds.
  path: Assets/Sprites/Character/Dragon Warrior PNG/idle_03.png
  artifactKey: Guid(761e277bc5c84c3419e2a42c396dde31) Importer(815301076,1909f56bfc062723c751e8b465ee728b)
Start importing Assets/Sprites/Character/Dragon Warrior PNG/idle_03.png using Guid(761e277bc5c84c3419e2a42c396dde31) Importer(815301076,1909f56bfc062723c751e8b465ee728b)  -> (artifact id: 'ba57e5a2f6c48729d4fe8f50c0e94f86') in 0.008874 seconds 
  Import took 0.013105 seconds .

========================================================================
Received Prepare
Registering precompiled user dll's ...
Registered in 0.004097 seconds.
Begin MonoManager ReloadAssembly
Native extension for LinuxStandalone target not found
Native extension for WebGL target not found
Refreshing native plugins compatible for Editor in 0.72 ms, found 0 plugins.
Preloading 0 native plugins for Editor in 0.00 ms.
Mono: successfully reloaded assembly
- Completed reload, in  1.359 seconds
Domain Reload Profiling:
	ReloadAssembly (1360ms)
		BeginReloadAssembly (100ms)
			ExecutionOrderSort (0ms)
			DisableScriptedObjects (7ms)
			BackupInstance (0ms)
			ReleaseScriptingObjects (0ms)
			CreateAndSetChildDomain (40ms)
		EndReloadAssembly (1191ms)
			LoadAssemblies (81ms)
			RebuildTransferFunctionScriptingTraits (0ms)
			SetupTypeCache (339ms)
			ReleaseScriptCaches (1ms)
			RebuildScriptCaches (79ms)
			SetupLoadedEditorAssemblies (529ms)
				LogAssemblyErrors (0ms)
				InitializePlatformSupportModulesInManaged (7ms)
				SetLoadedEditorAssemblies (1ms)
				RefreshPlugins (1ms)
				BeforeProcessingInitializeOnLoad (75ms)
				ProcessInitializeOnLoadAttributes (386ms)
				ProcessInitializeOnLoadMethodAttributes (54ms)
				AfterProcessingInitializeOnLoad (5ms)
				EditorAssembliesLoaded (0ms)
			ExecutionOrderSort2 (0ms)
			AwakeInstancesAfterBackupRestoration (12ms)
Platform modules already initialized, skipping
Refreshing native plugins compatible for Editor in 0.72 ms, found 0 plugins.
Preloading 0 native plugins for Editor in 0.00 ms.
Unloading 2124 Unused Serialized files (Serialized files now loaded: 0)
System memory in use before: 80.2 MB.
System memory in use after: 80.1 MB.

Unloading 49 unused Assets to reduce memory usage. Loaded Objects now: 2555.
Total: 12.085861 ms (FindLiveObjects: 0.227184 ms CreateObjectMapping: 0.126001 ms MarkObjects: 11.580713 ms  DeleteObjects: 0.150288 ms)

AssetImportParameters requested are different than current active one (requested -> active):
  custom:video-decoder-ogg-theora: a1e56fd34408186e4bbccfd4996cb3dc -> 
  custom:container-muxer-webm: aa71ff27fc2769a1b78a27578f13a17b -> 
  custom:container-demuxer-webm: 4f35f7cbe854078d1ac9338744f61a02 -> 
  custom:container-demuxer-ogg: 62fdf1f143b41e24485cea50d1cbac27 -> 
  custom:video-encoder-webm-vp8: eb34c28f22e8b96e1ab97ce403110664 -> 
  custom:video-decoder-webm-vp8: 9c59270c3fd7afecdb556c50c9e8de78 -> 
  custom:audio-decoder-ogg-vorbis: bf7c407c2cedff20999df2af8eb42d56 -> 
  custom:audio-encoder-webm-vorbis: bf7c407c2cedff20999df2af8eb42d56 -> 
========================================================================
Received Prepare
Registering precompiled user dll's ...
Registered in 0.004428 seconds.
Begin MonoManager ReloadAssembly
Native extension for LinuxStandalone target not found
Native extension for WebGL target not found
Refreshing native plugins compatible for Editor in 0.75 ms, found 0 plugins.
Preloading 0 native plugins for Editor in 0.00 ms.
Mono: successfully reloaded assembly
- Completed reload, in  1.177 seconds
Domain Reload Profiling:
	ReloadAssembly (1177ms)
		BeginReloadAssembly (126ms)
			ExecutionOrderSort (0ms)
			DisableScriptedObjects (7ms)
			BackupInstance (0ms)
			ReleaseScriptingObjects (0ms)
			CreateAndSetChildDomain (48ms)
		EndReloadAssembly (984ms)
			LoadAssemblies (84ms)
			RebuildTransferFunctionScriptingTraits (0ms)
			SetupTypeCache (322ms)
			ReleaseScriptCaches (1ms)
			RebuildScriptCaches (50ms)
			SetupLoadedEditorAssemblies (409ms)
				LogAssemblyErrors (0ms)
				InitializePlatformSupportModulesInManaged (6ms)
				SetLoadedEditorAssemblies (1ms)
				RefreshPlugins (1ms)
				BeforeProcessingInitializeOnLoad (59ms)
				ProcessInitializeOnLoadAttributes (290ms)
				ProcessInitializeOnLoadMethodAttributes (47ms)
				AfterProcessingInitializeOnLoad (5ms)
				EditorAssembliesLoaded (0ms)
			ExecutionOrderSort2 (0ms)
			AwakeInstancesAfterBackupRestoration (8ms)
Platform modules already initialized, skipping
Refreshing native plugins compatible for Editor in 0.73 ms, found 0 plugins.
Preloading 0 native plugins for Editor in 0.00 ms.
Unloading 2124 Unused Serialized files (Serialized files now loaded: 0)
System memory in use before: 80.3 MB.
System memory in use after: 80.2 MB.

Unloading 49 unused Assets to reduce memory usage. Loaded Objects now: 2557.
Total: 12.069822 ms (FindLiveObjects: 0.180175 ms CreateObjectMapping: 0.082296 ms MarkObjects: 11.626609 ms  DeleteObjects: 0.179279 ms)

AssetImportParameters requested are different than current active one (requested -> active):
  custom:video-decoder-ogg-theora: a1e56fd34408186e4bbccfd4996cb3dc -> 
  custom:container-muxer-webm: aa71ff27fc2769a1b78a27578f13a17b -> 
  custom:container-demuxer-webm: 4f35f7cbe854078d1ac9338744f61a02 -> 
  custom:container-demuxer-ogg: 62fdf1f143b41e24485cea50d1cbac27 -> 
  custom:video-encoder-webm-vp8: eb34c28f22e8b96e1ab97ce403110664 -> 
  custom:video-decoder-webm-vp8: 9c59270c3fd7afecdb556c50c9e8de78 -> 
  custom:audio-decoder-ogg-vorbis: bf7c407c2cedff20999df2af8eb42d56 -> 
  custom:audio-encoder-webm-vorbis: bf7c407c2cedff20999df2af8eb42d56 -> 
========================================================================
Received Prepare
Registering precompiled user dll's ...
Registered in 0.004623 seconds.
Begin MonoManager ReloadAssembly
Native extension for LinuxStandalone target not found
Native extension for WebGL target not found
Refreshing native plugins compatible for Editor in 0.72 ms, found 0 plugins.
Preloading 0 native plugins for Editor in 0.00 ms.
Mono: successfully reloaded assembly
- Completed reload, in  1.175 seconds
Domain Reload Profiling:
	ReloadAssembly (1175ms)
		BeginReloadAssembly (108ms)
			ExecutionOrderSort (0ms)
			DisableScriptedObjects (7ms)
			BackupInstance (0ms)
			ReleaseScriptingObjects (0ms)
			CreateAndSetChildDomain (43ms)
		EndReloadAssembly (1000ms)
			LoadAssemblies (83ms)
			RebuildTransferFunctionScriptingTraits (0ms)
			SetupTypeCache (320ms)
			ReleaseScriptCaches (1ms)
			RebuildScriptCaches (50ms)
			SetupLoadedEditorAssemblies (425ms)
				LogAssemblyErrors (0ms)
				InitializePlatformSupportModulesInManaged (6ms)
				SetLoadedEditorAssemblies (1ms)
				RefreshPlugins (1ms)
				BeforeProcessingInitializeOnLoad (60ms)
				ProcessInitializeOnLoadAttributes (304ms)
				ProcessInitializeOnLoadMethodAttributes (48ms)
				AfterProcessingInitializeOnLoad (5ms)
				EditorAssembliesLoaded (0ms)
			ExecutionOrderSort2 (0ms)
			AwakeInstancesAfterBackupRestoration (8ms)
Platform modules already initialized, skipping
Refreshing native plugins compatible for Editor in 0.68 ms, found 0 plugins.
Preloading 0 native plugins for Editor in 0.00 ms.
Unloading 2124 Unused Serialized files (Serialized files now loaded: 0)
System memory in use before: 80.3 MB.
System memory in use after: 80.2 MB.

Unloading 49 unused Assets to reduce memory usage. Loaded Objects now: 2559.
Total: 11.968075 ms (FindLiveObjects: 0.205908 ms CreateObjectMapping: 0.094007 ms MarkObjects: 11.511058 ms  DeleteObjects: 0.152210 ms)

AssetImportParameters requested are different than current active one (requested -> active):
  custom:video-decoder-ogg-theora: a1e56fd34408186e4bbccfd4996cb3dc -> 
  custom:container-muxer-webm: aa71ff27fc2769a1b78a27578f13a17b -> 
  custom:container-demuxer-webm: 4f35f7cbe854078d1ac9338744f61a02 -> 
  custom:container-demuxer-ogg: 62fdf1f143b41e24485cea50d1cbac27 -> 
  custom:video-encoder-webm-vp8: eb34c28f22e8b96e1ab97ce403110664 -> 
  custom:video-decoder-webm-vp8: 9c59270c3fd7afecdb556c50c9e8de78 -> 
  custom:audio-decoder-ogg-vorbis: bf7c407c2cedff20999df2af8eb42d56 -> 
  custom:audio-encoder-webm-vorbis: bf7c407c2cedff20999df2af8eb42d56 -> 
========================================================================
Received Import Request.
  Time since last request: 3926.837578 seconds.
  path: Assets/Sprites/Character/Read Me.txt
  artifactKey: Guid(563ebafee49d57d4bba6c289e16ec57e) Importer(815301076,1909f56bfc062723c751e8b465ee728b)
Start importing Assets/Sprites/Character/Read Me.txt using Guid(563ebafee49d57d4bba6c289e16ec57e) Importer(815301076,1909f56bfc062723c751e8b465ee728b)  -> (artifact id: 'e0b0cedede34e176a76591d864515475') in 0.011652 seconds 
  Import took 0.014928 seconds .

AssetImportWorkerClient::OnTransportError - code=2 error=End of file
